<?xml version="1.0" encoding="UTF-8"?>
<!-- Generated by org.testng.reporters.JUnitReportReporter -->
<testsuite hostname="DESKTOP-Q59R3VD" failures="0" tests="5" name="febTestNg2023.Createaccount1" time="12.346" errors="0" timestamp="2023-02-16T20:50:59 EST" skipped="0">
  <testcase classname="febTestNg2023.Createaccount1" name="OpenBroweser" time="5.221"/>
  <system-out/>
  <testcase classname="febTestNg2023.Createaccount1" name="ClickSignIn" time="0.214"/>
  <system-out/>
  <testcase classname="febTestNg2023.Createaccount1" name="EnterUserName" time="3.139"/>
  <system-out/>
  <testcase classname="febTestNg2023.Createaccount1" name="EnterEmail" time="0.101"/>
  <system-out/>
  <testcase classname="febTestNg2023.Createaccount1" name="Submit" time="3.671"/>
  <system-out/>
</testsuite> <!-- febTestNg2023.Createaccount1 -->
