<?xml version="1.0" encoding="UTF-8"?>
<!-- Generated by org.testng.reporters.JUnitReportReporter -->
<testsuite hostname="DESKTOP-Q59R3VD" failures="0" tests="2" name="Tests.OpenSignUp" time="26.532" errors="0" timestamp="2023-03-06T20:48:20 EST" skipped="0">
  <testcase classname="Tests.OpenSignUp" name="testlogin" time="19.321"/>
  <system-out>
    <![CDATA[Test completed successfully.]]>
  </system-out>
  <testcase classname="Tests.OpenSignUp" name="testSignUp" time="7.211"/>
  <system-out/>
</testsuite> <!-- Tests.OpenSignUp -->
